<?xml version="1.0" encoding="UTF-8"?>
<!-- Generated by org.testng.reporters.JUnitReportReporter -->
<testsuite hostname="User-PC" failures="0" tests="10" name="com.Test.DashBoardTest" time="90.744" errors="0" timestamp="2021-12-07T13:22:31 IST" skipped="0">
  <testcase classname="com.Test.DashBoardTest" name="CheckTotalinnerBox" time="8.461"/>
  <system-out/>
  <testcase classname="com.Test.DashBoardTest" name="ValidDashboardPage" time="8.882"/>
  <system-out/>
  <testcase classname="com.Test.DashBoardTest" name="CheckTotalCourses" time="8.668"/>
  <system-out/>
  <testcase classname="com.Test.DashBoardTest" name="TotalMoreInfoLink" time="6.240"/>
  <system-out/>
  <testcase classname="com.Test.DashBoardTest" name="WindowHandeling" time="19.230"/>
  <system-out/>
  <testcase classname="com.Test.DashBoardTest" name="NoOfIcons" time="7.650"/>
  <system-out/>
  <testcase classname="com.Test.DashBoardTest" name="checkUsersLinkMenu" time="12.213"/>
  <system-out/>
  <testcase classname="com.Test.DashBoardTest" name="checkOperatorsLinkMenu" time="4.979"/>
  <system-out/>
  <testcase classname="com.Test.DashBoardTest" name="checkDownloadsLinkMenu" time="5.494"/>
  <system-out/>
  <testcase classname="com.Test.DashBoardTest" name="checkLogoutLinkMenu" time="8.927"/>
  <system-out/>
</testsuite> <!-- com.Test.DashBoardTest -->
