<?xml version="1.0" encoding="UTF-8"?>
<!-- Generated by org.testng.reporters.JUnitReportReporter -->
<testsuite skipped="0" hostname="User-PC" name="com.Test.DownloadsPageTest" tests="1" failures="0" timestamp="2021-12-05T22:43:28 IST" time="10.778" errors="0">
  <testcase name="Verify32bitusers" time="10.778" classname="com.Test.DownloadsPageTest"/>
  <system-out/>
</testsuite> <!-- com.Test.DownloadsPageTest -->
