<?xml version="1.0" encoding="UTF-8"?>
<!-- Generated by org.testng.reporters.JUnitReportReporter -->
<testsuite skipped="0" hostname="User-PC" name="com.BaseClass.Testbase" tests="1" failures="0" timestamp="2021-12-03T00:19:20 IST" time="0.012" errors="0">
  <testcase name="ReadExcel" time="0.012" classname="com.BaseClass.Testbase"/>
  <system-out/>
</testsuite> <!-- com.BaseClass.Testbase -->
