<?xml version="1.0" encoding="UTF-8"?>
<!-- Generated by org.testng.reporters.JUnitReportReporter -->
<testsuite hostname="User-PC" failures="0" tests="1" name="com.Test.DownloadsPageTest" time="5.133" errors="0" timestamp="2021-12-07T13:22:31 IST" skipped="0">
  <testcase classname="com.Test.DownloadsPageTest" name="Verify32bitusers" time="5.133"/>
  <system-out/>
</testsuite> <!-- com.Test.DownloadsPageTest -->
