<?xml version="1.0" encoding="UTF-8"?>
<!-- Generated by org.testng.reporters.JUnitReportReporter -->
<testsuite hostname="User-PC" failures="0" tests="2" name="com.Test.RegistrationPageTest" time="8.548" errors="0" timestamp="2021-12-07T13:22:31 IST" skipped="0">
  <testcase classname="com.Test.RegistrationPageTest" name="checkAlreadyMembershipLink" time="3.650"/>
  <system-out/>
  <testcase classname="com.Test.RegistrationPageTest" name="FillRegistrationForm" time="4.898"/>
  <system-out/>
</testsuite> <!-- com.Test.RegistrationPageTest -->
