<?xml version="1.0" encoding="UTF-8"?>
<!-- Generated by org.testng.reporters.JUnitReportReporter -->
<testsuite hostname="User-PC" failures="0" tests="9" name="com.Test.LoginTest" time="38.535" errors="0" timestamp="2021-12-07T13:22:31 IST" skipped="0">
  <testcase classname="com.Test.LoginTest" name="ValidetUrl" time="5.141"/>
  <system-out/>
  <testcase classname="com.Test.LoginTest" name="PasswordError" time="5.205"/>
  <system-out/>
  <testcase classname="com.Test.LoginTest" name="mailError" time="5.061"/>
  <system-out/>
  <testcase classname="com.Test.LoginTest" name="Checkmailbox" time="4.810"/>
  <system-out/>
  <testcase classname="com.Test.LoginTest" name="Checkblankmail" time="3.993"/>
  <system-out/>
  <testcase classname="com.Test.LoginTest" name="validateImage" time="2.935"/>
  <system-out/>
  <testcase classname="com.Test.LoginTest" name="CheckHeading" time="3.107"/>
  <system-out/>
  <testcase classname="com.Test.LoginTest" name="checkRegistrationLink" time="3.937"/>
  <system-out/>
  <testcase classname="com.Test.LoginTest" name="test10" time="4.346"/>
  <system-out/>
</testsuite> <!-- com.Test.LoginTest -->
