<?xml version="1.0" encoding="UTF-8"?>
<!-- Generated by org.testng.reporters.JUnitReportReporter -->
<testsuite skipped="0" hostname="User-PC" name="com.Test.RegistrationPageTest" tests="2" failures="0" timestamp="2021-12-05T22:43:28 IST" time="19.301" errors="0">
  <testcase name="checkAlreadyMembershipLink" time="7.457" classname="com.Test.RegistrationPageTest"/>
  <system-out/>
  <testcase name="FillRegistrationForm" time="11.844" classname="com.Test.RegistrationPageTest"/>
  <system-out/>
</testsuite> <!-- com.Test.RegistrationPageTest -->
