<?xml version="1.0" encoding="UTF-8"?>
<!-- Generated by org.testng.reporters.JUnitReportReporter -->
<testsuite hostname="User-PC" failures="0" tests="7" name="com.Test.UserTest" time="41.358" errors="0" timestamp="2021-12-07T13:22:31 IST" skipped="0">
  <testcase classname="com.Test.UserTest" name="VerifyHeading" time="5.160"/>
  <system-out/>
  <testcase classname="com.Test.UserTest" name="CheckColumnTitle" time="5.182"/>
  <system-out/>
  <testcase classname="com.Test.UserTest" name="CorrectStateSelected" time="5.325"/>
  <system-out/>
  <testcase classname="com.Test.UserTest" name="CheckAlertHandle" time="7.654"/>
  <system-out/>
  <testcase classname="com.Test.UserTest" name="ListTitle" time="5.140"/>
  <system-out/>
  <testcase classname="com.Test.UserTest" name="VerifyMobileNo" time="7.414"/>
  <system-out/>
  <testcase classname="com.Test.UserTest" name="clickAddUserPage" time="5.483"/>
  <system-out/>
</testsuite> <!-- com.Test.UserTest -->
