<?xml version="1.0" encoding="UTF-8"?>
<!-- Generated by org.testng.reporters.JUnitReportReporter -->
<testsuite skipped="0" hostname="User-PC" name="com.Test.DashBoardTest" tests="10" failures="0" timestamp="2021-12-05T22:43:28 IST" time="168.480" errors="0">
  <testcase name="CheckTotalinnerBox" time="7.814" classname="com.Test.DashBoardTest"/>
  <system-out/>
  <testcase name="ValidDashboardPage" time="17.065" classname="com.Test.DashBoardTest"/>
  <system-out/>
  <testcase name="CheckTotalCourses" time="12.727" classname="com.Test.DashBoardTest"/>
  <system-out/>
  <testcase name="TotalMoreInfoLink" time="16.833" classname="com.Test.DashBoardTest"/>
  <system-out/>
  <testcase name="WindowHandeling" time="42.305" classname="com.Test.DashBoardTest"/>
  <system-out/>
  <testcase name="NoOfIcons" time="9.362" classname="com.Test.DashBoardTest"/>
  <system-out/>
  <testcase name="checkUsersLinkMenu" time="20.865" classname="com.Test.DashBoardTest"/>
  <system-out/>
  <testcase name="checkOperatorsLinkMenu" time="10.363" classname="com.Test.DashBoardTest"/>
  <system-out/>
  <testcase name="checkDownloadsLinkMenu" time="11.053" classname="com.Test.DashBoardTest"/>
  <system-out/>
  <testcase name="checkLogoutLinkMenu" time="20.093" classname="com.Test.DashBoardTest"/>
  <system-out/>
</testsuite> <!-- com.Test.DashBoardTest -->
