<?xml version="1.0" encoding="UTF-8"?>
<!-- Generated by org.testng.reporters.JUnitReportReporter -->
<testsuite skipped="0" hostname="User-PC" name="com.Test.LoginTest" tests="9" failures="0" timestamp="2021-12-05T22:43:28 IST" time="190.758" errors="0">
  <testcase name="ValidetUrl" time="11.192" classname="com.Test.LoginTest"/>
  <system-out/>
  <testcase name="PasswordError" time="10.289" classname="com.Test.LoginTest"/>
  <system-out/>
  <testcase name="mailError" time="14.431" classname="com.Test.LoginTest"/>
  <system-out/>
  <testcase name="Checkmailbox" time="11.423" classname="com.Test.LoginTest"/>
  <system-out/>
  <testcase name="Checkblankmail" time="80.092" classname="com.Test.LoginTest"/>
  <system-out/>
  <testcase name="validateImage" time="11.015" classname="com.Test.LoginTest"/>
  <system-out/>
  <testcase name="CheckHeading" time="14.650" classname="com.Test.LoginTest"/>
  <system-out/>
  <testcase name="checkRegistrationLink" time="13.465" classname="com.Test.LoginTest"/>
  <system-out/>
  <testcase name="test10" time="24.201" classname="com.Test.LoginTest"/>
  <system-out/>
</testsuite> <!-- com.Test.LoginTest -->
