<?xml version="1.0" encoding="UTF-8"?>
<!-- Generated by org.testng.reporters.JUnitReportReporter -->
<testsuite skipped="0" hostname="User-PC" name="com.Test.UserTest" tests="7" failures="0" timestamp="2021-12-05T22:43:28 IST" time="109.311" errors="0">
  <testcase name="VerifyHeading" time="18.111" classname="com.Test.UserTest"/>
  <system-out/>
  <testcase name="CheckColumnTitle" time="15.083" classname="com.Test.UserTest"/>
  <system-out/>
  <testcase name="CorrectStateSelected" time="10.071" classname="com.Test.UserTest"/>
  <system-out/>
  <testcase name="CheckAlertHandle" time="18.775" classname="com.Test.UserTest"/>
  <system-out/>
  <testcase name="ListTitle" time="15.975" classname="com.Test.UserTest"/>
  <system-out/>
  <testcase name="VerifyMobileNo" time="14.190" classname="com.Test.UserTest"/>
  <system-out/>
  <testcase name="clickAddUserPage" time="17.106" classname="com.Test.UserTest"/>
  <system-out/>
</testsuite> <!-- com.Test.UserTest -->
